// 同步 ID: 30c076ce @ Mon Jun 22 23:44:12 UTC 2026
// 同步 ID: 7dffba1b @ Wed Jun 24 12:21:08 UTC 2026
// 重构日志: bf799cd9
// 同步 ID: c43c20d7 @ Fri Jul 10 11:05:23 UTC 2026
// 同步 ID: af07c912 @ Sat Jul 11 12:00:48 UTC 2026
// 重构日志: a3e59db6
// 重构日志: c3658dc9
// 重构日志: ae8cd54e
// 重构日志: 5670a3a0
// 同步 ID: ec67c025 @ Wed Jul 15 17:53:54 UTC 2026
// 重构日志: 89fd7f6c
// 同步 ID: a4281935 @ Sat Jul 18 11:35:45 UTC 2026
// 重构日志: 05ab741c
// 同步 ID: 37883515 @ Sun Jul 19 01:12:52 UTC 2026
// 同步 ID: 547289df @ Sun Jul 19 04:53:18 UTC 2026
// 同步 ID: bdd51587 @ Mon Jul 20 01:14:03 UTC 2026
// 同步 ID: bb41a390 @ Mon Jul 20 11:45:00 UTC 2026
// 同步 ID: 20b88e2a @ Mon Jul 20 17:31:07 UTC 2026
// 重构日志: 89757389
// 同步 ID: 62aead1a @ Tue Jul 21 17:10:10 UTC 2026
// 同步 ID: 7f94011b @ Tue Jul 21 19:07:27 UTC 2026
// 同步 ID: e8f98e83 @ Wed Jul 22 08:49:06 UTC 2026
// 同步 ID: 4a55c816 @ Wed Jul 22 17:13:31 UTC 2026
